I, [2024-06-10T19:03:33.543988 #63544]  INFO -- : Request: GET /
I, [2024-06-10T19:03:33.544139 #63544]  INFO -- : Handler: NilClass#
I, [2024-06-10T19:03:33.544173 #63544]  INFO -- : Params:  GET: , POST: 
I, [2024-06-10T19:03:33.544191 #63544]  INFO -- : Response: 404 text/html 

I, [2024-06-10T19:03:33.574612 #63544]  INFO -- : Request: GET /favicon.ico
I, [2024-06-10T19:03:33.574730 #63544]  INFO -- : Handler: NilClass#
I, [2024-06-10T19:03:33.574792 #63544]  INFO -- : Params:  GET: , POST: 
I, [2024-06-10T19:03:33.574829 #63544]  INFO -- : Response: 404 text/html 

I, [2024-06-10T19:38:37.373115 #63996]  INFO -- : Request: GET /
I, [2024-06-10T19:38:37.373223 #63996]  INFO -- : Handler: NilClass#
I, [2024-06-10T19:38:37.373257 #63996]  INFO -- : Params:  GET: , POST: 
I, [2024-06-10T19:38:37.373274 #63996]  INFO -- : Response: 404 text/html 

I, [2024-06-10T19:44:35.593398 #64481]  INFO -- : Request: GET /
I, [2024-06-10T19:44:35.593469 #64481]  INFO -- : Handler: NilClass#
I, [2024-06-10T19:44:35.593500 #64481]  INFO -- : Params:  GET: , POST: 
I, [2024-06-10T19:44:35.593512 #64481]  INFO -- : Response: 404 text/html 

I, [2024-06-10T19:44:45.286518 #64481]  INFO -- : Request: GET /tests
I, [2024-06-10T19:44:45.286584 #64481]  INFO -- : Handler: TestsController#index
I, [2024-06-10T19:44:45.286616 #64481]  INFO -- : Params:  GET: , POST: 
I, [2024-06-10T19:44:45.286654 #64481]  INFO -- : Response: 200 text/plain {:plain=>"Plain text response"}

I, [2024-06-10T19:44:57.802333 #64481]  INFO -- : Request: GET /tests/101
I, [2024-06-10T19:44:57.802417 #64481]  INFO -- : Handler: TestsController#index
I, [2024-06-10T19:44:57.802455 #64481]  INFO -- : Params:  GET: , POST: 
I, [2024-06-10T19:44:57.802488 #64481]  INFO -- : Response: 200 text/plain {:plain=>"Plain text response"}

I, [2024-06-10T19:45:07.845932 #64481]  INFO -- : Request: GET /tests/test
I, [2024-06-10T19:45:07.846016 #64481]  INFO -- : Handler: TestsController#index
I, [2024-06-10T19:45:07.846059 #64481]  INFO -- : Params:  GET: , POST: 
I, [2024-06-10T19:45:07.846096 #64481]  INFO -- : Response: 200 text/plain {:plain=>"Plain text response"}

I, [2024-06-10T19:46:15.210446 #64481]  INFO -- : Request: GET /tests/1
I, [2024-06-10T19:46:15.210566 #64481]  INFO -- : Handler: TestsController#index
I, [2024-06-10T19:46:15.210599 #64481]  INFO -- : Params:  GET: , POST: 
I, [2024-06-10T19:46:15.210632 #64481]  INFO -- : Response: 200 text/plain {:plain=>"Plain text response"}

I, [2024-06-10T19:46:27.872777 #64481]  INFO -- : Request: GET /tests/101
I, [2024-06-10T19:46:27.872851 #64481]  INFO -- : Handler: TestsController#index
I, [2024-06-10T19:46:27.872886 #64481]  INFO -- : Params:  GET: , POST: 
I, [2024-06-10T19:46:27.872920 #64481]  INFO -- : Response: 200 text/plain {:plain=>"Plain text response"}

I, [2024-06-10T19:58:01.886526 #64853]  INFO -- : Request: GET /
I, [2024-06-10T19:58:01.886606 #64853]  INFO -- : Handler: NilClass#
I, [2024-06-10T19:58:01.886632 #64853]  INFO -- : Params:  GET: , POST: 
I, [2024-06-10T19:58:01.886643 #64853]  INFO -- : Response: 404 text/html 

I, [2024-06-10T19:58:08.429272 #64853]  INFO -- : Request: GET /tests
I, [2024-06-10T19:58:08.431632 #64853]  INFO -- : Handler: TestsController#index
I, [2024-06-10T19:58:08.431746 #64853]  INFO -- : Params:  GET: , POST: 
I, [2024-06-10T19:58:08.431778 #64853]  INFO -- : Response: 200 text/html 

I, [2024-06-10T19:59:27.833791 #65082]  INFO -- : Request: GET /
I, [2024-06-10T19:59:27.833868 #65082]  INFO -- : Handler: NilClass#
I, [2024-06-10T19:59:27.833898 #65082]  INFO -- : Params:  GET: , POST: 
I, [2024-06-10T19:59:27.833917 #65082]  INFO -- : Response: 404 text/html 

I, [2024-06-10T19:59:39.633360 #65082]  INFO -- : Request: GET /tests
I, [2024-06-10T19:59:39.633442 #65082]  INFO -- : Handler: TestsController#index
I, [2024-06-10T19:59:39.633475 #65082]  INFO -- : Params:  GET: , POST: 
I, [2024-06-10T19:59:39.633499 #65082]  INFO -- : Response: 200 text/html 

I, [2024-06-10T20:00:07.162083 #65082]  INFO -- : Request: GET /tests/101
I, [2024-06-10T20:00:07.162145 #65082]  INFO -- : Handler: TestsController#index
I, [2024-06-10T20:00:07.162202 #65082]  INFO -- : Params:  GET: , POST: 
I, [2024-06-10T20:00:07.162225 #65082]  INFO -- : Response: 200 text/html 

I, [2024-06-10T20:08:31.671192 #65383]  INFO -- : Request: GET /
I, [2024-06-10T20:08:31.671263 #65383]  INFO -- : Handler: NilClass#
I, [2024-06-10T20:08:31.671291 #65383]  INFO -- : Params:  GET: , POST: 
I, [2024-06-10T20:08:31.671303 #65383]  INFO -- : Response: 404 text/html 

I, [2024-06-10T20:08:38.551446 #65383]  INFO -- : Request: GET /tests/101
I, [2024-06-10T20:08:38.552336 #65383]  INFO -- : Handler: TestsController#index
I, [2024-06-10T20:08:38.552404 #65383]  INFO -- : Params:  GET: , POST: 
I, [2024-06-10T20:08:38.552438 #65383]  INFO -- : Response: 200 text/html 

I, [2024-06-10T20:09:43.598476 #65592]  INFO -- : Request: GET /
I, [2024-06-10T20:09:43.598549 #65592]  INFO -- : Handler: NilClass#
I, [2024-06-10T20:09:43.598580 #65592]  INFO -- : Params:  GET: , POST: 
I, [2024-06-10T20:09:43.598596 #65592]  INFO -- : Response: 404 text/html 

I, [2024-06-10T20:09:49.597362 #65592]  INFO -- : Request: GET /tests/101
I, [2024-06-10T20:09:49.597805 #65592]  INFO -- : Handler: TestsController#index
I, [2024-06-10T20:09:49.597872 #65592]  INFO -- : Params:  GET: , POST: 
I, [2024-06-10T20:09:49.597908 #65592]  INFO -- : Response: 200 text/html 

